Start testing: Jun 11 09:50 WAT
----------------------------------------------------------
1/1 Testing: QuantTradingLabTests
1/1 Test: QuantTradingLabTests
Command: "/mnt/c/Users/youss/OneDrive/Documents/QuantTradingLab_Phase5/QuantTradingLab/build/bin/qtl_tests"
Directory: /mnt/c/Users/youss/OneDrive/Documents/QuantTradingLab_Phase5/QuantTradingLab/build/tests
"QuantTradingLabTests" start time: Jun 11 09:50 WAT
Output:
----------------------------------------------------------
[09:50:21.496] ERROR [EventLoop] Handler threw: loop isolation test
[PASS] EventSystem/construction
[PASS] EventSystem/EventQueue_basic
[PASS] EventSystem/EventQueue_multithreaded
[PASS] EventSystem/EventQueue_stop
[PASS] EventSystem/Dispatcher_typed
[PASS] EventSystem/Dispatcher_raw
[PASS] EventSystem/Dispatcher_drain
[PASS] EventSystem/Dispatcher_exception
[PASS] EventSystem/EventLoop_drain
[PASS] EventSystem/EventLoop_step
[PASS] EventSystem/EventLoop_run
[PASS] EventSystem/EventLoop_stats
[PASS] EventSystem/SPSC_basic
[PASS] EventSystem/SPSC_fill_drain
[PASS] EventSystem/SPSC_throughput_1M
[PASS] EventSystem/EventPool_basic
[PASS] EventSystem/EventPool_exhaustion
[PASS] EventSystem/Timestamp_ordering
[PASS] OrderBook/empty_state
[PASS] OrderBook/add_resting_orders
[PASS] OrderBook/fifo_priority
[PASS] OrderBook/full_fill_limit_cross
[PASS] OrderBook/partial_fill_maker
[PASS] OrderBook/partial_fill_taker
[PASS] OrderBook/market_order_sweeps_levels
[PASS] OrderBook/cancel_order
[PASS] OrderBook/modify_price_loses_priority
[PASS] OrderBook/modify_qty_preserves_priority
[PASS] OrderBook/ioc_order
[PASS] OrderBook/fok_success
[PASS] OrderBook/fok_reject
[PASS] OrderBook/duplicate_order_id
[PASS] OrderBook/best_prices
[PASS] OrderBook/trade_report_fields
[PASS] OrderBook/multi_level_sweep

+----------------------------------------------------------+
|   BOOK: AAPL                                           |
+----------+----------+----------+------------------------+
| SIDE     |     QTY  |    PRICE | DEPTH                  |
+----------+----------+----------+------------------------+
| ASK      |300       |182.5200  | ||||||||||||||||||     |
| ASK      |100       |182.5100  | ||||||                 |
+----------+----------+----------+------------------------+
|          |          | mid 182.5000 |                        |
+----------+----------+----------+------------------------+
| BID      |200       |182.4900  | ||||||||||||           |
| BID      |400       |182.4800  | |||||||||||||||||||||||||
+----------+----------+----------+------------------------+
| Orders: 4      Trades: 0      Spread: 0.0200      |
+----------------------------------------------------------+
[09:50:21.946] INFO  [TickReplayer] Loaded '/tmp/qtl_test_trade1.csv' type=Trade
[09:50:21.948] INFO  [TickReplayer] Replay complete: 1000 ticks in 0.00s  (606.2x speed)
[09:50:21.954] INFO  [TickReplayer] Loaded '/tmp/qtl_test_trade_pr.csv' type=Trade
[09:50:21.956] INFO  [TickReplayer] Paused at tick 499
[09:50:22.009] INFO  [TickReplayer] Resumed
[09:50:22.012] INFO  [TickReplayer] Replay complete: 2000 ticks in 0.06s  (34.4x speed)
[09:50:22.013] INFO  [TickReplayer] Loaded '/tmp/qtl_test_merge_aapl.csv' type=Trade
[09:50:22.013] INFO  [TickReplayer] Loaded '/tmp/qtl_test_merge_msft.csv' type=Trade
[09:50:22.015] INFO  [TickReplayer] Replay complete: 1000 ticks in 0.00s  (1203.3x speed)
[09:50:22.015] INFO  [TickReplayer] Loaded '/tmp/qtl_test_clock.csv' type=Trade
[09:50:22.015] INFO  [TickReplayer] Replay complete: 100 ticks in 0.00s  (646.9x speed)
[09:50:22.015] INFO  [TickReplayer] Loaded '/tmp/qtl_test_callback.csv' type=Quote
[09:50:22.016] INFO  [TickReplayer] Replay complete: 200 ticks in 0.00s  (328.6x speed)
[09:50:22.016] INFO  [TickReplayer] Loaded '/tmp/qtl_test_evloop.csv' type=Quote
[09:50:22.016] INFO  [TickReplayer] Replay complete: 50 ticks in 0.00s  (97.4x speed)
[09:50:22.017] INFO  [TickReplayer] Loaded '/tmp/qtl_test_stats.csv' type=Trade
[09:50:22.018] INFO  [TickReplayer] Replay complete: 300 ticks in 0.00s  (326.2x speed)
[09:50:22.018] INFO  [TickReplayer] Loaded '/tmp/qtl_test_malformed.csv' type=Trade
[09:50:22.018] INFO  [TickReplayer] Replay complete: 3 ticks in 0.00s  (0.0x speed)
[PASS] OrderBook/printbook_output
[PASS] OrderBook/snapshot_depth
[PASS] OrderBook/large_scale_10k
[PASS] MatchingEngine/symbol_registration
[PASS] MatchingEngine/unknown_symbol_rejected
[PASS] MatchingEngine/new_ack_generated
[PASS] MatchingEngine/full_fill_both_reports
[PASS] MatchingEngine/partial_fill_taker
[PASS] MatchingEngine/partial_fill_maker
[PASS] MatchingEngine/market_order_sweep
[PASS] MatchingEngine/cancel_order
[PASS] MatchingEngine/cancel_unknown
[PASS] MatchingEngine/modify_order
[PASS] MatchingEngine/ioc_order
[PASS] MatchingEngine/fok_success
[PASS] MatchingEngine/fok_reject
[PASS] MatchingEngine/invalid_qty_rejected
[PASS] MatchingEngine/invalid_price_rejected
[PASS] MatchingEngine/commission_calculation
[PASS] MatchingEngine/vwap_across_fills
[PASS] MatchingEngine/exec_report_fields
[PASS] MatchingEngine/engine_stats
[PASS] MatchingEngine/fill_event_on_eventloop
[PASS] MatchingEngine/print_all_books
[PASS] MatchingEngine/multi_symbol_isolation
[PASS] registerRiskEngineTests/placeholder
[PASS] registerPortfolioTests/placeholder
[PASS] registerBlackScholesTests/placeholder
[PASS] registerPerformanceMetricsTests/placeholder
[PASS] MarketData/parse_trade_tick
[PASS] MarketData/parse_quote_tick
[PASS] MarketData/parse_book_update
[PASS] MarketData/header_detection
[PASS] MarketData/side_parsing
[PASS] MarketData/action_parsing
[PASS] MarketData/malformed_line_throws
[PASS] MarketData/anytick_union
[PASS] MarketData/feed_trade_processing
[PASS] MarketData/feed_quote_and_event
[PASS] MarketData/crossed_quote
[PASS] MarketData/bar_aggregation
[PASS] MarketData/multi_symbol_isolation
[PASS] MarketData/feed_stats
[PASS] MarketData/replayer_load_replay
[PASS] MarketData/replayer_pause_resume
[PASS] MarketData/replayer_multi_file_merge
[PASS] MarketData/replayer_drives_simclock
[PASS] MarketData/replayer_tick_callback
[PASS] MarketData/replayer_drives_eventloop
[PASS] MarketData/replayer_stats
[PASS] MarketData/replayer_malformed_skipped

━━━━━━━━━━━━━━━━━━━━━━━━━━━━━━━━━━━━━━
Results: 86 passed, 0 failed / 86 total
<end of output>
Test time =   0.61 sec
----------------------------------------------------------
Test Passed.
"QuantTradingLabTests" end time: Jun 11 09:50 WAT
"QuantTradingLabTests" time elapsed: 00:00:00
----------------------------------------------------------

End testing: Jun 11 09:50 WAT
